// 同步 ID: 71ba7981 @ Wed Jun  3 18:21:13 UTC 2026
// 重构日志: a0d2ac7a
// 同步 ID: bed3b2f6 @ Sat Jun  6 15:28:59 UTC 2026
// 重构日志: 8b32d90d
// 重构日志: 0087aeb6
// 同步 ID: 7d54e3d9 @ Sat Jun 13 21:38:10 UTC 2026
// 重构日志: b455e30b
// 同步 ID: ba8f7c61 @ Thu Jun 25 02:31:12 UTC 2026
// 重构日志: 7495915f
// 同步 ID: acbb12f8 @ Fri Jun 26 02:43:36 UTC 2026
// 重构日志: 2ff99719
// 同步 ID: 81dc097c @ Fri Jun 26 16:42:57 UTC 2026
// 同步 ID: 3240fd6d @ Sat Jun 27 18:36:09 UTC 2026
// 重构日志: 8708e904
// 重构日志: 709759a5
// 重构日志: f2a5ea5d
// 同步 ID: 0e98586f @ Mon Jul  6 17:02:00 UTC 2026
// 同步 ID: a1932755 @ Wed Jul  8 16:06:46 UTC 2026
// 同步 ID: b3a457ce @ Thu Jul  9 08:16:18 UTC 2026
// 重构日志: 7e4b879f
// 同步 ID: d09fcc1e @ Sun Jul 12 12:38:30 UTC 2026
// 重构日志: 67e10161
// 重构日志: 0c27f514
// 重构日志: bd5a4eb9
// 同步 ID: 7636e0b8 @ Mon Jul 13 12:28:17 UTC 2026
// 重构日志: 8e1dcc0b
// 重构日志: a19ce00d
// 同步 ID: f245c923 @ Wed Jul 15 16:59:34 UTC 2026
// 同步 ID: c1706675 @ Thu Jul 16 01:17:45 UTC 2026
// 同步 ID: 12321fb8 @ Thu Jul 16 15:15:34 UTC 2026
// 重构日志: 10137852
// 重构日志: 1348104b
// 重构日志: 8ab2cd71
// 重构日志: 9190d542
// 重构日志: 44be4806
